-------------------------------------------------------------------------------
Test set: com.automation.runner.TestRunner
-------------------------------------------------------------------------------
Tests run: 2, Failures: 0, Errors: 2, Skipped: 0, Time elapsed: 1.255 s <<< FAILURE! - in com.automation.runner.TestRunner
As a manager I want to sign in so I can view my custom homepage(Users of my bug catcher application should be able to login to their respective homepages)  Time elapsed: 0.307 s  <<< ERROR!
io.cucumber.junit.UndefinedStepException: 
The step "the employee is on the login page" is undefined. You can implement it using the snippet(s) below:

@Given("the employee is on the login page")
public void the_employee_is_on_the_login_page() {
    // Write code here that turns the phrase above into concrete actions
    throw new io.cucumber.java.PendingException();
}


Some other steps were also undefined:

@When("the manager enters his correct username")
public void the_manager_enters_his_correct_username() {
    // Write code here that turns the phrase above into concrete actions
    throw new io.cucumber.java.PendingException();
}
@When("the manager enters his correct password")
public void the_manager_enters_his_correct_password() {
    // Write code here that turns the phrase above into concrete actions
    throw new io.cucumber.java.PendingException();
}
@When("the employee clicks the login button")
public void the_employee_clicks_the_login_button() {
    // Write code here that turns the phrase above into concrete actions
    throw new io.cucumber.java.PendingException();
}
@Then("the manager should be logged in to the manager home page")
public void the_manager_should_be_logged_in_to_the_manager_home_page() {
    // Write code here that turns the phrase above into concrete actions
    throw new io.cucumber.java.PendingException();
}


As a tester I want to sign in so I can view my custom homepage(Users of my bug catcher application should be able to login to their respective homepages)  Time elapsed: 0.014 s  <<< ERROR!
io.cucumber.junit.UndefinedStepException: 
The step "the employee is on the login page" is undefined. You can implement it using the snippet(s) below:

@Given("the employee is on the login page")
public void the_employee_is_on_the_login_page() {
    // Write code here that turns the phrase above into concrete actions
    throw new io.cucumber.java.PendingException();
}


Some other steps were also undefined:

@When("the tester enters his correct username")
public void the_tester_enters_his_correct_username() {
    // Write code here that turns the phrase above into concrete actions
    throw new io.cucumber.java.PendingException();
}
@When("the tester enters his correct password")
public void the_tester_enters_his_correct_password() {
    // Write code here that turns the phrase above into concrete actions
    throw new io.cucumber.java.PendingException();
}
@When("the employee clicks the login button")
public void the_employee_clicks_the_login_button() {
    // Write code here that turns the phrase above into concrete actions
    throw new io.cucumber.java.PendingException();
}
@Then("the tester should be logged in to the tester home page")
public void the_tester_should_be_logged_in_to_the_tester_home_page() {
    // Write code here that turns the phrase above into concrete actions
    throw new io.cucumber.java.PendingException();
}


