<?xml version="1.0" encoding="UTF-8"?>
<testsuite xmlns:xsi="http://www.w3.org/2001/XMLSchema-instance" xsi:noNamespaceSchemaLocation="https://maven.apache.org/surefire/maven-surefire-plugin/xsd/surefire-test-report.xsd" name="com.automation.runner.TestRunner" time="1.255" tests="2" errors="2" skipped="0" failures="0">
  <properties>
[...]
</properties>
  <testcase name="As a manager I want to sign in so I can view my custom homepage" classname="Users of my bug catcher application should be able to login to their respective homepages" time="0.307">
    <error message="The step &quot;the employee is on the login page&quot; is undefined. You can implement it using the snippet(s) below:&#10;&#10;@Given(&quot;the employee is on the login page&quot;)&#10;public void the_employee_is_on_the_login_page() {&#10;    // Write code here that turns the phrase above into concrete actions&#10;    throw new io.cucumber.java.PendingException();&#10;}&#10;&#10;&#10;Some other steps were also undefined:&#10;&#10;@When(&quot;the manager enters his correct username&quot;)&#10;public void the_manager_enters_his_correct_username() {&#10;    // Write code here that turns the phrase above into concrete actions&#10;    throw new io.cucumber.java.PendingException();&#10;}&#10;@When(&quot;the manager enters his correct password&quot;)&#10;public void the_manager_enters_his_correct_password() {&#10;    // Write code here that turns the phrase above into concrete actions&#10;    throw new io.cucumber.java.PendingException();&#10;}&#10;@When(&quot;the employee clicks the login button&quot;)&#10;public void the_employee_clicks_the_login_button() {&#10;    // Write code here that turns the phrase above into concrete actions&#10;    throw new io.cucumber.java.PendingException();&#10;}&#10;@Then(&quot;the manager should be logged in to the manager home page&quot;)&#10;public void the_manager_should_be_logged_in_to_the_manager_home_page() {&#10;    // Write code here that turns the phrase above into concrete actions&#10;    throw new io.cucumber.java.PendingException();&#10;}&#10;" type="io.cucumber.junit.UndefinedStepException">io.cucumber.junit.UndefinedStepException: 
The step "the employee is on the login page" is undefined. You can implement it using the snippet(s) below:

@Given("the employee is on the login page")
public void the_employee_is_on_the_login_page() {
    // Write code here that turns the phrase above into concrete actions
    throw new io.cucumber.java.PendingException();
}


Some other steps were also undefined:

@When("the manager enters his correct username")
public void the_manager_enters_his_correct_username() {
    // Write code here that turns the phrase above into concrete actions
    throw new io.cucumber.java.PendingException();
}
@When("the manager enters his correct password")
public void the_manager_enters_his_correct_password() {
    // Write code here that turns the phrase above into concrete actions
    throw new io.cucumber.java.PendingException();
}
@When("the employee clicks the login button")
public void the_employee_clicks_the_login_button() {
    // Write code here that turns the phrase above into concrete actions
    throw new io.cucumber.java.PendingException();
}
@Then("the manager should be logged in to the manager home page")
public void the_manager_should_be_logged_in_to_the_manager_home_page() {
    // Write code here that turns the phrase above into concrete actions
    throw new io.cucumber.java.PendingException();
}

</error>
  </testcase>
  <testcase name="As a tester I want to sign in so I can view my custom homepage" classname="Users of my bug catcher application should be able to login to their respective homepages" time="0.014">
    <error message="The step &quot;the employee is on the login page&quot; is undefined. You can implement it using the snippet(s) below:&#10;&#10;@Given(&quot;the employee is on the login page&quot;)&#10;public void the_employee_is_on_the_login_page() {&#10;    // Write code here that turns the phrase above into concrete actions&#10;    throw new io.cucumber.java.PendingException();&#10;}&#10;&#10;&#10;Some other steps were also undefined:&#10;&#10;@When(&quot;the tester enters his correct username&quot;)&#10;public void the_tester_enters_his_correct_username() {&#10;    // Write code here that turns the phrase above into concrete actions&#10;    throw new io.cucumber.java.PendingException();&#10;}&#10;@When(&quot;the tester enters his correct password&quot;)&#10;public void the_tester_enters_his_correct_password() {&#10;    // Write code here that turns the phrase above into concrete actions&#10;    throw new io.cucumber.java.PendingException();&#10;}&#10;@When(&quot;the employee clicks the login button&quot;)&#10;public void the_employee_clicks_the_login_button() {&#10;    // Write code here that turns the phrase above into concrete actions&#10;    throw new io.cucumber.java.PendingException();&#10;}&#10;@Then(&quot;the tester should be logged in to the tester home page&quot;)&#10;public void the_tester_should_be_logged_in_to_the_tester_home_page() {&#10;    // Write code here that turns the phrase above into concrete actions&#10;    throw new io.cucumber.java.PendingException();&#10;}&#10;" type="io.cucumber.junit.UndefinedStepException">io.cucumber.junit.UndefinedStepException: 
The step "the employee is on the login page" is undefined. You can implement it using the snippet(s) below:

@Given("the employee is on the login page")
public void the_employee_is_on_the_login_page() {
    // Write code here that turns the phrase above into concrete actions
    throw new io.cucumber.java.PendingException();
}


Some other steps were also undefined:

@When("the tester enters his correct username")
public void the_tester_enters_his_correct_username() {
    // Write code here that turns the phrase above into concrete actions
    throw new io.cucumber.java.PendingException();
}
@When("the tester enters his correct password")
public void the_tester_enters_his_correct_password() {
    // Write code here that turns the phrase above into concrete actions
    throw new io.cucumber.java.PendingException();
}
@When("the employee clicks the login button")
public void the_employee_clicks_the_login_button() {
    // Write code here that turns the phrase above into concrete actions
    throw new io.cucumber.java.PendingException();
}
@Then("the tester should be logged in to the tester home page")
public void the_tester_should_be_logged_in_to_the_tester_home_page() {
    // Write code here that turns the phrase above into concrete actions
    throw new io.cucumber.java.PendingException();
}

</error>
  </testcase>
</testsuite>