<?xml version="1.0" encoding="UTF-8"?>
<testsuite xmlns:xsi="http://www.w3.org/2001/XMLSchema-instance" xsi:noNamespaceSchemaLocation="https://maven.apache.org/surefire/maven-surefire-plugin/xsd/surefire-test-report.xsd" name="com.revature.runner.TestRunner" time="7.567" tests="3" errors="0" skipped="0" failures="0">
  <properties>
[...]
</properties>
  <testcase name="As a user I want to take a book so I can read" classname="Users should be able to interact with the community library" time="1.762"/>
  <testcase name="As a user I want to edit a book so I can fix a mistake in it" classname="Users should be able to interact with the community library" time="1.101"/>
  <testcase name="As a user I want to give a book so I can give back to the community" classname="Users should be able to interact with the community library" time="0.981"/>
</testsuite>