<?xml version="1.0" encoding="UTF-8"?>
<testsuite xmlns:xsi="http://www.w3.org/2001/XMLSchema-instance" xsi:noNamespaceSchemaLocation="https://maven.apache.org/surefire/maven-failsafe-plugin/xsd/failsafe-test-report-3.0.xsd" version="3.0" name="com.example.runner.ITTestRunner" time="6.523" tests="2" errors="0" skipped="0" failures="0">
  <properties>
[...]
</properties>
  <testcase name="As a tester I can upload files using Selenium" classname="Selenium can upload files and take screenshots" time="1.855">
    <system-out><![CDATA[
Scenario: As a tester I can upload files using Selenium        &amp#27;[90m# features/Example-Features.feature:6&amp#27;[0m
  &amp#27;[32mGiven &amp#27;[0m&amp#27;[32mI am on the Web Page&amp#27;[0m                                   &amp#27;[90m# com.example.steps.UploadSteps.i_am_on_the_Web_Page()&amp#27;[0m
  &amp#27;[32mWhen &amp#27;[0m&amp#27;[32mI upload the test photo&amp#27;[0m                                 &amp#27;[90m# com.example.steps.UploadSteps.i_upload_the_test_photo()&amp#27;[0m
  &amp#27;[32mWhen &amp#27;[0m&amp#27;[32mI click the submit button&amp#27;[0m                               &amp#27;[90m# com.example.steps.UploadSteps.i_click_the_submit_button()&amp#27;[0m
  &amp#27;[32mThen &amp#27;[0m&amp#27;[32mAn alert with the value of the file path should display&amp#27;[0m &amp#27;[90m# com.example.steps.UploadSteps.an_alert_with_the_value_of_the_file_path_should_display()&amp#27;[0m
]]></system-out>
    <system-err><![CDATA[SLF4J: Failed to load class "org.slf4j.impl.StaticLoggerBinder".
SLF4J: Defaulting to no-operation (NOP) logger implementation
SLF4J: See http://www.slf4j.org/codes.html#StaticLoggerBinder for further details.
Starting ChromeDriver 104.0.5112.79 (3cf3e8c8a07d104b9e1260c910efb8f383285dc5-refs/branch-heads/5112@{#1307}) on port 6965
Only local connections are allowed.
Please see https://chromedriver.chromium.org/security-considerations for suggestions on keeping ChromeDriver safe.
ChromeDriver was started successfully.
Aug 11, 2022 4:38:50 PM org.openqa.selenium.remote.ProtocolHandshake createSession
INFO: Detected dialect: W3C
]]></system-err>
  </testcase>
  <testcase name="As a tester I want to take screenshots when things go wrong" classname="Selenium can upload files and take screenshots" time="0.561">
    <system-out><![CDATA[
Scenario: As a tester I want to take screenshots when things go wrong             &amp#27;[90m# features/Example-Features.feature:11&amp#27;[0m
  &amp#27;[32mGiven &amp#27;[0m&amp#27;[32mI am on the Web Page&amp#27;[0m                                                      &amp#27;[90m# com.example.steps.UploadSteps.i_am_on_the_Web_Page()&amp#27;[0m
  &amp#27;[32mWhen &amp#27;[0m&amp#27;[32mI enter text into the text input and click the button to change the header&amp#27;[0m &amp#27;[90m# com.example.steps.UploadSteps.i_enter_text_into_the_text_input_and_click_the_button_to_change_the_header()&amp#27;[0m
  &amp#27;[32mThen &amp#27;[0m&amp#27;[32mA screenshot should be saved in the screenshot folder&amp#27;[0m                      &amp#27;[90m# com.example.steps.UploadSteps.a_screenshot_of_the_alert_should_be_saved_in_the_screenshot_folder()&amp#27;[0m
]]></system-out>
  </testcase>
</testsuite>